[0.620s] DEBUG:colcon:Command line arguments: ['/usr/bin/colcon', 'build', '--packages-select', 'kurwatron', '--allow-overriding', 'kurwatron']
[0.620s] DEBUG:colcon:Parsed command line arguments: Namespace(allow_overriding=['kurwatron'], ament_cmake_args=None, base_paths=['.'], build_base='build', catkin_cmake_args=None, catkin_skip_building_tests=False, cmake_args=None, cmake_clean_cache=False, cmake_clean_first=False, cmake_force_configure=False, cmake_target=None, cmake_target_skip_unavailable=False, continue_on_error=False, event_handlers=None, executor='parallel', ignore_user_meta=False, install_base='install', log_base=None, log_level=None, main=<bound method BuildVerb.main of <colcon_core.verb.build.BuildVerb object at 0xffff96494df0>>, merge_install=False, metas=['./colcon.meta'], packages_above=None, packages_above_and_dependencies=None, packages_above_depth=None, packages_end=None, packages_ignore=None, packages_ignore_regex=None, packages_select=['kurwatron'], packages_select_build_failed=False, packages_select_by_dep=None, packages_select_regex=None, packages_select_test_failures=False, packages_skip=None, packages_skip_build_finished=False, packages_skip_by_dep=None, packages_skip_regex=None, packages_skip_test_passed=False, packages_skip_up_to=None, packages_start=None, packages_up_to=None, packages_up_to_regex=None, parallel_workers=4, paths=None, symlink_install=False, test_result_base=None, verb_extension=<colcon_core.verb.build.BuildVerb object at 0xffff96494df0>, verb_name='build', verb_parser=<colcon_defaults.argument_parser.defaults.DefaultArgumentsDecorator object at 0xffff9641f3a0>)
[0.642s] Level 1:colcon.colcon_core.package_discovery:discover_packages(colcon_meta) check parameters
[0.642s] Level 1:colcon.colcon_core.package_discovery:discover_packages(recursive) check parameters
[0.642s] Level 1:colcon.colcon_core.package_discovery:discover_packages(ignore) check parameters
[0.642s] Level 1:colcon.colcon_core.package_discovery:discover_packages(path) check parameters
[0.642s] Level 1:colcon.colcon_core.package_discovery:discover_packages(colcon_meta) discover
[0.643s] Level 1:colcon.colcon_core.package_discovery:discover_packages(recursive) discover
[0.643s] INFO:colcon.colcon_core.package_discovery:Crawling recursively for packages in '/home/ubuntu/ros2_ws/src/kurwatron'
[0.643s] Level 1:colcon.colcon_core.package_identification:_identify(.) by extensions ['ignore', 'ignore_ament_install']
[0.644s] Level 1:colcon.colcon_core.package_identification:_identify(.) by extension 'ignore'
[0.644s] Level 1:colcon.colcon_core.package_identification:_identify(.) by extension 'ignore_ament_install'
[0.644s] Level 1:colcon.colcon_core.package_identification:_identify(.) by extensions ['colcon_pkg']
[0.644s] Level 1:colcon.colcon_core.package_identification:_identify(.) by extension 'colcon_pkg'
[0.645s] Level 1:colcon.colcon_core.package_identification:_identify(.) by extensions ['colcon_meta']
[0.645s] Level 1:colcon.colcon_core.package_identification:_identify(.) by extension 'colcon_meta'
[0.645s] Level 1:colcon.colcon_core.package_identification:_identify(.) by extensions ['ros']
[0.645s] Level 1:colcon.colcon_core.package_identification:_identify(.) by extension 'ros'
[0.703s] DEBUG:colcon.colcon_core.package_identification:Package '.' with type 'ros.ament_python' and name 'kurwatron'
[0.703s] Level 1:colcon.colcon_core.package_discovery:discover_packages(recursive) using defaults
[0.704s] Level 1:colcon.colcon_core.package_discovery:discover_packages(ignore) discover
[0.704s] Level 1:colcon.colcon_core.package_discovery:discover_packages(ignore) using defaults
[0.704s] Level 1:colcon.colcon_core.package_discovery:discover_packages(path) discover
[0.704s] Level 1:colcon.colcon_core.package_discovery:discover_packages(path) using defaults
[0.778s] Level 5:colcon.colcon_core.verb:set package 'kurwatron' build argument 'cmake_args' from command line to 'None'
[0.779s] Level 5:colcon.colcon_core.verb:set package 'kurwatron' build argument 'cmake_target' from command line to 'None'
[0.779s] Level 5:colcon.colcon_core.verb:set package 'kurwatron' build argument 'cmake_target_skip_unavailable' from command line to 'False'
[0.779s] Level 5:colcon.colcon_core.verb:set package 'kurwatron' build argument 'cmake_clean_cache' from command line to 'False'
[0.779s] Level 5:colcon.colcon_core.verb:set package 'kurwatron' build argument 'cmake_clean_first' from command line to 'False'
[0.779s] Level 5:colcon.colcon_core.verb:set package 'kurwatron' build argument 'cmake_force_configure' from command line to 'False'
[0.779s] Level 5:colcon.colcon_core.verb:set package 'kurwatron' build argument 'ament_cmake_args' from command line to 'None'
[0.779s] Level 5:colcon.colcon_core.verb:set package 'kurwatron' build argument 'catkin_cmake_args' from command line to 'None'
[0.780s] Level 5:colcon.colcon_core.verb:set package 'kurwatron' build argument 'catkin_skip_building_tests' from command line to 'False'
[0.780s] DEBUG:colcon.colcon_core.verb:Building package 'kurwatron' with the following arguments: {'ament_cmake_args': None, 'build_base': '/home/ubuntu/ros2_ws/src/kurwatron/build/kurwatron', 'catkin_cmake_args': None, 'catkin_skip_building_tests': False, 'cmake_args': None, 'cmake_clean_cache': False, 'cmake_clean_first': False, 'cmake_force_configure': False, 'cmake_target': None, 'cmake_target_skip_unavailable': False, 'install_base': '/home/ubuntu/ros2_ws/src/kurwatron/install/kurwatron', 'merge_install': False, 'path': '/home/ubuntu/ros2_ws/src/kurwatron', 'symlink_install': False, 'test_result_base': None}
[0.801s] INFO:colcon.colcon_core.executor:Executing jobs using 'parallel' executor
[0.809s] DEBUG:colcon.colcon_parallel_executor.executor.parallel:run_until_complete
[0.810s] INFO:colcon.colcon_ros.task.ament_python.build:Building ROS package in '/home/ubuntu/ros2_ws/src/kurwatron' with build type 'ament_python'
[0.811s] Level 1:colcon.colcon_core.shell:create_environment_hook('kurwatron', 'ament_prefix_path')
[0.825s] INFO:colcon.colcon_core.plugin_system:Skipping extension 'colcon_core.shell.bat': Not used on non-Windows systems
[0.826s] INFO:colcon.colcon_core.shell:Creating environment hook '/home/ubuntu/ros2_ws/src/kurwatron/install/kurwatron/share/kurwatron/hook/ament_prefix_path.ps1'
[0.829s] INFO:colcon.colcon_core.shell:Creating environment descriptor '/home/ubuntu/ros2_ws/src/kurwatron/install/kurwatron/share/kurwatron/hook/ament_prefix_path.dsv'
[0.831s] INFO:colcon.colcon_core.shell:Creating environment hook '/home/ubuntu/ros2_ws/src/kurwatron/install/kurwatron/share/kurwatron/hook/ament_prefix_path.sh'
[0.835s] INFO:colcon.colcon_core.shell:Skip shell extension 'powershell' for command environment: Not usable outside of PowerShell
[0.836s] DEBUG:colcon.colcon_core.shell:Skip shell extension 'dsv' for command environment
[1.852s] DEBUG:colcon.colcon_parallel_executor.executor.parallel:run_until_complete was interrupted
[1.853s] DEBUG:colcon.colcon_parallel_executor.executor.parallel:run_until_complete again
[1.854s] DEBUG:colcon.colcon_parallel_executor.executor.parallel:run_until_complete finished
[1.854s] DEBUG:colcon.colcon_parallel_executor.executor.parallel:closing loop
[1.855s] DEBUG:colcon.colcon_parallel_executor.executor.parallel:loop closed
[1.855s] DEBUG:colcon.colcon_core.event_reactor:joining thread
[1.880s] INFO:colcon.colcon_core.plugin_system:Skipping extension 'colcon_notification.desktop_notification.notify_send': Could not find 'notify-send'
[1.881s] INFO:colcon.colcon_core.plugin_system:Skipping extension 'colcon_notification.desktop_notification.terminal_notifier': Not used on non-Darwin systems
[1.881s] INFO:colcon.colcon_core.plugin_system:Skipping extension 'colcon_notification.desktop_notification.win32': Not used on non-Windows systems
[1.881s] INFO:colcon.colcon_notification.desktop_notification:Sending desktop notification using 'notify2'
[1.884s] DEBUG:colcon.colcon_notification.desktop_notification.notify2:Failed to initialize notify2: org.freedesktop.DBus.Error.ServiceUnknown: The name org.freedesktop.Notifications was not provided by any .service files
[1.885s] DEBUG:colcon.colcon_core.event_reactor:joined thread
[1.887s] INFO:colcon.colcon_core.shell:Creating prefix script '/home/ubuntu/ros2_ws/src/kurwatron/install/local_setup.ps1'
[1.891s] INFO:colcon.colcon_core.shell:Creating prefix util module '/home/ubuntu/ros2_ws/src/kurwatron/install/_local_setup_util_ps1.py'
[1.897s] INFO:colcon.colcon_core.shell:Creating prefix chain script '/home/ubuntu/ros2_ws/src/kurwatron/install/setup.ps1'
[1.903s] INFO:colcon.colcon_core.shell:Creating prefix script '/home/ubuntu/ros2_ws/src/kurwatron/install/local_setup.sh'
[1.905s] INFO:colcon.colcon_core.shell:Creating prefix util module '/home/ubuntu/ros2_ws/src/kurwatron/install/_local_setup_util_sh.py'
[1.907s] INFO:colcon.colcon_core.shell:Creating prefix chain script '/home/ubuntu/ros2_ws/src/kurwatron/install/setup.sh'
[1.912s] INFO:colcon.colcon_core.shell:Creating prefix script '/home/ubuntu/ros2_ws/src/kurwatron/install/local_setup.bash'
[1.914s] INFO:colcon.colcon_core.shell:Creating prefix chain script '/home/ubuntu/ros2_ws/src/kurwatron/install/setup.bash'
[1.919s] INFO:colcon.colcon_core.shell:Creating prefix script '/home/ubuntu/ros2_ws/src/kurwatron/install/local_setup.zsh'
[1.921s] INFO:colcon.colcon_core.shell:Creating prefix chain script '/home/ubuntu/ros2_ws/src/kurwatron/install/setup.zsh'
